#
# There is insufficient memory for the Java Runtime Environment to continue.
# Native memory allocation (malloc) failed to allocate 1171856 bytes for Chunk::new
# Possible reasons:
#   The system is out of physical RAM or swap space
#   The process is running with CompressedOops enabled, and the Java Heap may be blocking the growth of the native heap
# Possible solutions:
#   Reduce memory load on the system
#   Increase physical memory or swap space
#   Check if swap backing store is full
#   Decrease Java heap size (-Xmx/-Xms)
#   Decrease number of Java threads
#   Decrease Java thread stack sizes (-Xss)
#   Set larger code cache with -XX:ReservedCodeCacheSize=
#   JVM is running with Unscaled Compressed Oops mode in which the Java heap is
#     placed in the first 4GB address space. The Java Heap base address is the
#     maximum limit for the native heap growth. Please use -XX:HeapBaseMinAddress
#     to set the Java Heap base and to place the Java Heap above 4GB virtual address.
# This output file may be truncated or incomplete.
#
#  Out of Memory Error (arena.cpp:189), pid=8340, tid=13132
#
# JRE version: Java(TM) SE Runtime Environment (17.0.12+8) (build 17.0.12+8-LTS-286)
# Java VM: Java HotSpot(TM) 64-Bit Server VM (17.0.12+8-LTS-286, mixed mode, sharing, tiered, compressed oops, compressed class ptrs, g1 gc, windows-amd64)
# No core dump will be written. Minidumps are not enabled by default on client versions of Windows
#

---------------  S U M M A R Y ------------

Command Line: -XX:+ShowCodeDetailsInExceptionMessages com.sistemaventas.sistema.venta.SistemaVentaApplication

Host: AMD Ryzen 3 4300U with Radeon Graphics         , 4 cores, 3G,  Windows 11 , 64 bit Build 22621 (10.0.22621.3958)
Time: Wed Nov  6 11:17:39 2024 Hora est. Pacífico, Sudamérica elapsed time: 322.153795 seconds (0d 0h 5m 22s)

---------------  T H R E A D  ---------------

Current thread (0x00000213bddb3010):  JavaThread "C2 CompilerThread0" daemon [_thread_in_native, id=13132, stack(0x00000014b9000000,0x00000014b9100000)]


Current CompileTask:
C2: 322154 6098       4       org.springframework.boot.devtools.filewatch.DirectorySnapshot::collectFiles (99 bytes)

Stack: [0x00000014b9000000,0x00000014b9100000]
Native frames: (J=compiled Java code, j=interpreted, Vv=VM code, C=native code)
V  [jvm.dll+0x67a04a]
V  [jvm.dll+0x7da4ed]
V  [jvm.dll+0x7dbe33]
V  [jvm.dll+0x7dc4a3]
V  [jvm.dll+0x24508f]
V  [jvm.dll+0xab773]
V  [jvm.dll+0xabd3c]
V  [jvm.dll+0x361b9f]
V  [jvm.dll+0x1ba45a]
V  [jvm.dll+0x216997]
V  [jvm.dll+0x215c6f]
V  [jvm.dll+0x1a2960]
V  [jvm.dll+0x22610b]
V  [jvm.dll+0x2242ab]
V  [jvm.dll+0x79075c]
V  [jvm.dll+0x78abea]
V  [jvm.dll+0x678f35]
C  [ucrtbase.dll+0x29333]
C  [KERNEL32.DLL+0x1257d]
C  [ntdll.dll+0x5af08]


---------------  P R O C E S S  ---------------

Threads class SMR info:
_java_thread_list=0x0000021386f01740, length=31, elements={
0x00000213a31d1980, 0x00000213a31d2800, 0x00000213a31edb60, 0x00000213a31ee720,
0x00000213bddb0390, 0x00000213bddb0c60, 0x00000213bddb3010, 0x00000213bdde8920,
0x00000213bde36160, 0x00000213ff05d880, 0x00000213ff0679f0, 0x0000021384d6d130,
0x0000021384d6c710, 0x0000021384d6d640, 0x0000021384d6db50, 0x0000021384d6e060,
0x0000021385f58600, 0x0000021385f520c0, 0x0000021385f54940, 0x0000021385f59020,
0x0000021385f53a10, 0x0000021385f54e50, 0x0000021385f576d0, 0x0000021385f59530,
0x0000021385f57be0, 0x0000021385f55360, 0x0000021385f53f20, 0x0000021385f55870,
0x0000021385f54430, 0x0000021385f571c0, 0x0000021385f58b10
}

Java Threads: ( => current thread )
  0x00000213a31d1980 JavaThread "Reference Handler" daemon [_thread_blocked, id=9284, stack(0x00000014b8a00000,0x00000014b8b00000)]
  0x00000213a31d2800 JavaThread "Finalizer" daemon [_thread_blocked, id=7256, stack(0x00000014b8b00000,0x00000014b8c00000)]
  0x00000213a31edb60 JavaThread "Signal Dispatcher" daemon [_thread_blocked, id=6788, stack(0x00000014b8c00000,0x00000014b8d00000)]
  0x00000213a31ee720 JavaThread "Attach Listener" daemon [_thread_blocked, id=8360, stack(0x00000014b8d00000,0x00000014b8e00000)]
  0x00000213bddb0390 JavaThread "Service Thread" daemon [_thread_blocked, id=11092, stack(0x00000014b8e00000,0x00000014b8f00000)]
  0x00000213bddb0c60 JavaThread "Monitor Deflation Thread" daemon [_thread_blocked, id=9352, stack(0x00000014b8f00000,0x00000014b9000000)]
=>0x00000213bddb3010 JavaThread "C2 CompilerThread0" daemon [_thread_in_native, id=13132, stack(0x00000014b9000000,0x00000014b9100000)]
  0x00000213bdde8920 JavaThread "C1 CompilerThread0" daemon [_thread_blocked, id=5264, stack(0x00000014b9100000,0x00000014b9200000)]
  0x00000213bde36160 JavaThread "Sweeper thread" daemon [_thread_blocked, id=5680, stack(0x00000014b9200000,0x00000014b9300000)]
  0x00000213ff05d880 JavaThread "Notification Thread" daemon [_thread_blocked, id=2356, stack(0x00000014b9300000,0x00000014b9400000)]
  0x00000213ff0679f0 JavaThread "Common-Cleaner" daemon [_thread_blocked, id=11196, stack(0x00000014b9500000,0x00000014b9600000)]
  0x0000021384d6d130 JavaThread "Catalina-utility-1" [_thread_blocked, id=7192, stack(0x00000014b9b00000,0x00000014b9c00000)]
  0x0000021384d6c710 JavaThread "Catalina-utility-2" [_thread_blocked, id=1908, stack(0x00000014b9c00000,0x00000014b9d00000)]
  0x0000021384d6d640 JavaThread "container-0" [_thread_blocked, id=3260, stack(0x00000014b9d00000,0x00000014b9e00000)]
  0x0000021384d6db50 JavaThread "mysql-cj-abandoned-connection-cleanup" daemon [_thread_blocked, id=9864, stack(0x00000014b9e00000,0x00000014b9f00000)]
  0x0000021384d6e060 JavaThread "HikariPool-1 housekeeper" daemon [_thread_blocked, id=13308, stack(0x00000014ba000000,0x00000014ba100000)]
  0x0000021385f58600 JavaThread "File Watcher" daemon [_thread_blocked, id=3576, stack(0x00000014ba100000,0x00000014ba200000)]
  0x0000021385f520c0 JavaThread "Live Reload Server" daemon [_thread_in_native, id=13224, stack(0x00000014ba300000,0x00000014ba400000)]
  0x0000021385f54940 JavaThread "http-nio-8085-exec-1" daemon [_thread_blocked, id=7196, stack(0x00000014ba200000,0x00000014ba300000)]
  0x0000021385f59020 JavaThread "http-nio-8085-exec-2" daemon [_thread_blocked, id=10484, stack(0x00000014ba400000,0x00000014ba500000)]
  0x0000021385f53a10 JavaThread "http-nio-8085-exec-3" daemon [_thread_blocked, id=9636, stack(0x00000014ba500000,0x00000014ba600000)]
  0x0000021385f54e50 JavaThread "http-nio-8085-exec-4" daemon [_thread_blocked, id=12176, stack(0x00000014ba600000,0x00000014ba700000)]
  0x0000021385f576d0 JavaThread "http-nio-8085-exec-5" daemon [_thread_blocked, id=4584, stack(0x00000014ba700000,0x00000014ba800000)]
  0x0000021385f59530 JavaThread "http-nio-8085-exec-6" daemon [_thread_blocked, id=7228, stack(0x00000014ba800000,0x00000014ba900000)]
  0x0000021385f57be0 JavaThread "http-nio-8085-exec-7" daemon [_thread_blocked, id=13008, stack(0x00000014ba900000,0x00000014baa00000)]
  0x0000021385f55360 JavaThread "http-nio-8085-exec-8" daemon [_thread_blocked, id=10820, stack(0x00000014baa00000,0x00000014bab00000)]
  0x0000021385f53f20 JavaThread "http-nio-8085-exec-9" daemon [_thread_blocked, id=12252, stack(0x00000014bab00000,0x00000014bac00000)]
  0x0000021385f55870 JavaThread "http-nio-8085-exec-10" daemon [_thread_blocked, id=13196, stack(0x00000014bac00000,0x00000014bad00000)]
  0x0000021385f54430 JavaThread "http-nio-8085-Poller" daemon [_thread_in_native, id=11548, stack(0x00000014bad00000,0x00000014bae00000)]
  0x0000021385f571c0 JavaThread "http-nio-8085-Acceptor" daemon [_thread_in_native, id=5368, stack(0x00000014bae00000,0x00000014baf00000)]
  0x0000021385f58b10 JavaThread "DestroyJavaVM" [_thread_blocked, id=9796, stack(0x00000014b8300000,0x00000014b8400000)]

Other Threads:
  0x00000213a31cc5d0 VMThread "VM Thread" [stack: 0x00000014b8900000,0x00000014b8a00000] [id=3636]
  0x00000213ff063d80 WatcherThread [stack: 0x00000014b9400000,0x00000014b9500000] [id=5348]
  0x00000213a3167500 GCTaskThread "GC Thread#0" [stack: 0x00000014b8400000,0x00000014b8500000] [id=11108]
  0x00000213ff9364f0 GCTaskThread "GC Thread#1" [stack: 0x00000014b9600000,0x00000014b9700000] [id=11072]
  0x00000213ff974f90 GCTaskThread "GC Thread#2" [stack: 0x00000014b9700000,0x00000014b9800000] [id=5952]
  0x00000213ff90f740 GCTaskThread "GC Thread#3" [stack: 0x00000014b9800000,0x00000014b9900000] [id=10808]
  0x00000213a316f010 ConcurrentGCThread "G1 Main Marker" [stack: 0x00000014b8500000,0x00000014b8600000] [id=12152]
  0x00000213a3170a30 ConcurrentGCThread "G1 Conc#0" [stack: 0x00000014b8600000,0x00000014b8700000] [id=7832]
  0x00000213a31abf90 ConcurrentGCThread "G1 Refine#0" [stack: 0x00000014b8700000,0x00000014b8800000] [id=1336]
  0x00000213a31ac9c0 ConcurrentGCThread "G1 Service" [stack: 0x00000014b8800000,0x00000014b8900000] [id=3140]

Threads with active compile tasks:
C2 CompilerThread0   322196 6098       4       org.springframework.boot.devtools.filewatch.DirectorySnapshot::collectFiles (99 bytes)

VM state: not at safepoint (normal execution)

VM Mutex/Monitor currently owned by a thread: None

Heap address: 0x00000000ca200000, size: 862 MB, Compressed Oops mode: 32-bit

CDS archive(s) mapped at: [0x00000213be000000-0x00000213bebd0000-0x00000213bebd0000), size 12386304, SharedBaseAddress: 0x00000213be000000, ArchiveRelocationMode: 1.
Compressed class space mapped at: 0x00000213bf000000-0x00000213ff000000, reserved size: 1073741824
Narrow klass base: 0x00000213be000000, Narrow klass shift: 0, Narrow klass range: 0x100000000

GC Precious Log:
 CPUs: 4 total, 4 available
 Memory: 3445M
 Large Page Support: Disabled
 NUMA Support: Disabled
 Compressed Oops: Enabled (32-bit)
 Heap Region Size: 1M
 Heap Min Capacity: 8M
 Heap Initial Capacity: 54M
 Heap Max Capacity: 862M
 Pre-touch: Disabled
 Parallel Workers: 4
 Concurrent Workers: 1
 Concurrent Refinement Workers: 4
 Periodic GC: Disabled

Heap:
 garbage-first heap   total 55296K, used 37694K [0x00000000ca200000, 0x0000000100000000)
  region size 1024K, 10 young (10240K), 2 survivors (2048K)
 Metaspace       used 68068K, committed 68608K, reserved 1114112K
  class space    used 9291K, committed 9536K, reserved 1048576K

Heap Regions: E=young(eden), S=young(survivor), O=old, HS=humongous(starts), HC=humongous(continues), CS=collection set, F=free, OA=open archive, CA=closed archive, TAMS=top-at-mark-start (previous, next)
|   0|0x00000000ca200000, 0x00000000ca300000, 0x00000000ca300000|100%|HS|  |TAMS 0x00000000ca300000, 0x00000000ca200000| Complete 
|   1|0x00000000ca300000, 0x00000000ca400000, 0x00000000ca400000|100%| O|  |TAMS 0x00000000ca400000, 0x00000000ca300000| Untracked 
|   2|0x00000000ca400000, 0x00000000ca500000, 0x00000000ca500000|100%| O|  |TAMS 0x00000000ca500000, 0x00000000ca400000| Untracked 
|   3|0x00000000ca500000, 0x00000000ca600000, 0x00000000ca600000|100%| O|  |TAMS 0x00000000ca600000, 0x00000000ca500000| Untracked 
|   4|0x00000000ca600000, 0x00000000ca700000, 0x00000000ca700000|100%| O|  |TAMS 0x00000000ca700000, 0x00000000ca600000| Untracked 
|   5|0x00000000ca700000, 0x00000000ca800000, 0x00000000ca800000|100%| O|  |TAMS 0x00000000ca800000, 0x00000000ca700000| Untracked 
|   6|0x00000000ca800000, 0x00000000ca900000, 0x00000000ca900000|100%| O|  |TAMS 0x00000000ca900000, 0x00000000ca800000| Untracked 
|   7|0x00000000ca900000, 0x00000000caa00000, 0x00000000caa00000|100%| O|  |TAMS 0x00000000caa00000, 0x00000000ca900000| Untracked 
|   8|0x00000000caa00000, 0x00000000cab00000, 0x00000000cab00000|100%| O|  |TAMS 0x00000000cab00000, 0x00000000caa00000| Untracked 
|   9|0x00000000cab00000, 0x00000000cac00000, 0x00000000cac00000|100%| O|  |TAMS 0x00000000cac00000, 0x00000000cab00000| Untracked 
|  10|0x00000000cac00000, 0x00000000cac6ce00, 0x00000000cad00000| 42%| O|  |TAMS 0x00000000cac6ce00, 0x00000000cac00000| Untracked 
|  11|0x00000000cad00000, 0x00000000cae00000, 0x00000000cae00000|100%| O|  |TAMS 0x00000000cae00000, 0x00000000cad00000| Untracked 
|  12|0x00000000cae00000, 0x00000000caf00000, 0x00000000caf00000|100%| O|  |TAMS 0x00000000caf00000, 0x00000000cae00000| Untracked 
|  13|0x00000000caf00000, 0x00000000cb000000, 0x00000000cb000000|100%| O|  |TAMS 0x00000000cb000000, 0x00000000caf00000| Untracked 
|  14|0x00000000cb000000, 0x00000000cb100000, 0x00000000cb100000|100%| O|  |TAMS 0x00000000cb100000, 0x00000000cb000000| Untracked 
|  15|0x00000000cb100000, 0x00000000cb200000, 0x00000000cb200000|100%| O|  |TAMS 0x00000000cb200000, 0x00000000cb100000| Untracked 
|  16|0x00000000cb200000, 0x00000000cb300000, 0x00000000cb300000|100%| O|  |TAMS 0x00000000cb300000, 0x00000000cb200000| Untracked 
|  17|0x00000000cb300000, 0x00000000cb400000, 0x00000000cb400000|100%| O|  |TAMS 0x00000000cb400000, 0x00000000cb300000| Untracked 
|  18|0x00000000cb400000, 0x00000000cb500000, 0x00000000cb500000|100%| O|  |TAMS 0x00000000cb500000, 0x00000000cb400000| Untracked 
|  19|0x00000000cb500000, 0x00000000cb600000, 0x00000000cb600000|100%| O|  |TAMS 0x00000000cb600000, 0x00000000cb500000| Untracked 
|  20|0x00000000cb600000, 0x00000000cb700000, 0x00000000cb700000|100%| O|  |TAMS 0x00000000cb700000, 0x00000000cb600000| Untracked 
|  21|0x00000000cb700000, 0x00000000cb800000, 0x00000000cb800000|100%| O|  |TAMS 0x00000000cb800000, 0x00000000cb700000| Untracked 
|  22|0x00000000cb800000, 0x00000000cb900000, 0x00000000cb900000|100%| O|  |TAMS 0x00000000cb900000, 0x00000000cb800000| Untracked 
|  23|0x00000000cb900000, 0x00000000cba00000, 0x00000000cba00000|100%| O|  |TAMS 0x00000000cba00000, 0x00000000cb900000| Untracked 
|  24|0x00000000cba00000, 0x00000000cbb00000, 0x00000000cbb00000|100%| O|  |TAMS 0x00000000cbb00000, 0x00000000cba00000| Untracked 
|  25|0x00000000cbb00000, 0x00000000cbc00000, 0x00000000cbc00000|100%| O|  |TAMS 0x00000000cbc00000, 0x00000000cbb00000| Untracked 
|  26|0x00000000cbc00000, 0x00000000cbd00000, 0x00000000cbd00000|100%| O|  |TAMS 0x00000000cbd00000, 0x00000000cbc00000| Untracked 
|  27|0x00000000cbd00000, 0x00000000cbe00000, 0x00000000cbe00000|100%| O|  |TAMS 0x00000000cbd17400, 0x00000000cbd00000| Untracked 
|  28|0x00000000cbe00000, 0x00000000cbf00000, 0x00000000cbf00000|100%| O|  |TAMS 0x00000000cbe00000, 0x00000000cbe00000| Untracked 
|  29|0x00000000cbf00000, 0x00000000cbf00000, 0x00000000cc000000|  0%| F|  |TAMS 0x00000000cbf00000, 0x00000000cbf00000| Untracked 
|  30|0x00000000cc000000, 0x00000000cc000000, 0x00000000cc100000|  0%| F|  |TAMS 0x00000000cc000000, 0x00000000cc000000| Untracked 
|  31|0x00000000cc100000, 0x00000000cc100000, 0x00000000cc200000|  0%| F|  |TAMS 0x00000000cc100000, 0x00000000cc100000| Untracked 
|  32|0x00000000cc200000, 0x00000000cc200000, 0x00000000cc300000|  0%| F|  |TAMS 0x00000000cc200000, 0x00000000cc200000| Untracked 
|  33|0x00000000cc300000, 0x00000000cc300000, 0x00000000cc400000|  0%| F|  |TAMS 0x00000000cc300000, 0x00000000cc300000| Untracked 
|  34|0x00000000cc400000, 0x00000000cc400000, 0x00000000cc500000|  0%| F|  |TAMS 0x00000000cc400000, 0x00000000cc400000| Untracked 
|  35|0x00000000cc500000, 0x00000000cc500000, 0x00000000cc600000|  0%| F|  |TAMS 0x00000000cc500000, 0x00000000cc500000| Untracked 
|  36|0x00000000cc600000, 0x00000000cc600000, 0x00000000cc700000|  0%| F|  |TAMS 0x00000000cc600000, 0x00000000cc600000| Untracked 
|  37|0x00000000cc700000, 0x00000000cc762a88, 0x00000000cc800000| 38%| S|CS|TAMS 0x00000000cc700000, 0x00000000cc700000| Complete 
|  38|0x00000000cc800000, 0x00000000cc900000, 0x00000000cc900000|100%| S|CS|TAMS 0x00000000cc800000, 0x00000000cc800000| Complete 
|  39|0x00000000cc900000, 0x00000000cc900000, 0x00000000cca00000|  0%| F|  |TAMS 0x00000000cc900000, 0x00000000cc900000| Untracked 
|  40|0x00000000cca00000, 0x00000000cca00000, 0x00000000ccb00000|  0%| F|  |TAMS 0x00000000cca00000, 0x00000000cca00000| Untracked 
|  41|0x00000000ccb00000, 0x00000000ccb00000, 0x00000000ccc00000|  0%| F|  |TAMS 0x00000000ccb00000, 0x00000000ccb00000| Untracked 
|  42|0x00000000ccc00000, 0x00000000ccc00000, 0x00000000ccd00000|  0%| F|  |TAMS 0x00000000ccc00000, 0x00000000ccc00000| Untracked 
|  43|0x00000000ccd00000, 0x00000000ccd00000, 0x00000000cce00000|  0%| F|  |TAMS 0x00000000ccd00000, 0x00000000ccd00000| Untracked 
|  44|0x00000000cce00000, 0x00000000cce00000, 0x00000000ccf00000|  0%| F|  |TAMS 0x00000000cce00000, 0x00000000cce00000| Untracked 
|  45|0x00000000ccf00000, 0x00000000ccf00000, 0x00000000cd000000|  0%| F|  |TAMS 0x00000000ccf00000, 0x00000000ccf00000| Untracked 
|  46|0x00000000cd000000, 0x00000000cd0ccf10, 0x00000000cd100000| 80%| E|  |TAMS 0x00000000cd000000, 0x00000000cd000000| Complete 
|  47|0x00000000cd100000, 0x00000000cd200000, 0x00000000cd200000|100%| E|CS|TAMS 0x00000000cd100000, 0x00000000cd100000| Complete 
|  48|0x00000000cd200000, 0x00000000cd300000, 0x00000000cd300000|100%| E|CS|TAMS 0x00000000cd200000, 0x00000000cd200000| Complete 
|  49|0x00000000cd300000, 0x00000000cd400000, 0x00000000cd400000|100%| E|CS|TAMS 0x00000000cd300000, 0x00000000cd300000| Complete 
|  50|0x00000000cd400000, 0x00000000cd500000, 0x00000000cd500000|100%| E|CS|TAMS 0x00000000cd400000, 0x00000000cd400000| Complete 
|  51|0x00000000cd500000, 0x00000000cd600000, 0x00000000cd600000|100%| E|CS|TAMS 0x00000000cd500000, 0x00000000cd500000| Complete 
|  52|0x00000000cd600000, 0x00000000cd700000, 0x00000000cd700000|100%| E|CS|TAMS 0x00000000cd600000, 0x00000000cd600000| Complete 
|  53|0x00000000cd700000, 0x00000000cd800000, 0x00000000cd800000|100%| E|CS|TAMS 0x00000000cd700000, 0x00000000cd700000| Complete 

Card table byte_map: [0x00000213b99e0000,0x00000213b9b90000] _byte_map_base: 0x00000213b938f000

Marking Bits (Prev, Next): (CMBitMap*) 0x00000213a3167b20, (CMBitMap*) 0x00000213a3167b60
 Prev Bits: [0x00000213b9d40000, 0x00000213baab8000)
 Next Bits: [0x00000213baac0000, 0x00000213bb838000)

Polling page: 0x00000213a0ff0000

Metaspace:

Usage:
  Non-class:     57.40 MB used.
      Class:      9.07 MB used.
       Both:     66.47 MB used.

Virtual space:
  Non-class space:       64.00 MB reserved,      57.69 MB ( 90%) committed,  1 nodes.
      Class space:        1.00 GB reserved,       9.31 MB ( <1%) committed,  1 nodes.
             Both:        1.06 GB reserved,      67.00 MB (  6%) committed. 

Chunk freelists:
   Non-Class:  6.25 MB
       Class:  6.52 MB
        Both:  12.77 MB

MaxMetaspaceSize: unlimited
CompressedClassSpaceSize: 1.00 GB
Initial GC threshold: 21.00 MB
Current GC threshold: 104.62 MB
CDS: on
MetaspaceReclaimPolicy: balanced
 - commit_granule_bytes: 65536.
 - commit_granule_words: 8192.
 - virtual_space_node_default_size: 8388608.
 - enlarge_chunks_in_place: 1.
 - new_chunks_are_fully_committed: 0.
 - uncommit_free_chunks: 1.
 - use_allocation_guard: 0.
 - handle_deallocations: 1.


Internal statistics:

num_allocs_failed_limit: 9.
num_arena_births: 766.
num_arena_deaths: 0.
num_vsnodes_births: 2.
num_vsnodes_deaths: 0.
num_space_committed: 1072.
num_space_uncommitted: 0.
num_chunks_returned_to_freelist: 9.
num_chunks_taken_from_freelist: 3222.
num_chunk_merges: 9.
num_chunk_splits: 2377.
num_chunks_enlarged: 1903.
num_inconsistent_stats: 0.

CodeHeap 'non-profiled nmethods': size=120000Kb used=3767Kb max_used=3767Kb free=116232Kb
 bounds [0x00000213b24b0000, 0x00000213b2860000, 0x00000213b99e0000]
CodeHeap 'profiled nmethods': size=120000Kb used=10464Kb max_used=10782Kb free=109535Kb
 bounds [0x00000213aa9e0000, 0x00000213ab470000, 0x00000213b1f10000]
CodeHeap 'non-nmethods': size=5760Kb used=1344Kb max_used=1382Kb free=4415Kb
 bounds [0x00000213b1f10000, 0x00000213b2180000, 0x00000213b24b0000]
 total_blobs=6000 nmethods=5322 adapters=590
 compilation: enabled
              stopped_count=0, restarted_count=0
 full_count=0

Compilation events (20 events):
Event: 319.807 Thread 0x00000213bdde8920 nmethod 6088 0x00000213aaaa0f90 code [0x00000213aaaa1140, 0x00000213aaaa1358]
Event: 319.807 Thread 0x00000213bdde8920 6089       3       org.apache.tomcat.util.buf.ByteChunk::getCharset (19 bytes)
Event: 319.807 Thread 0x00000213bdde8920 nmethod 6089 0x00000213aaaa0b90 code [0x00000213aaaa0d20, 0x00000213aaaa0ed8]
Event: 319.807 Thread 0x00000213bdde8920 6090       3       java.nio.channels.spi.AbstractSelectionKey::isValid (13 bytes)
Event: 319.807 Thread 0x00000213bdde8920 nmethod 6090 0x00000213aaaa0810 code [0x00000213aaaa09a0, 0x00000213aaaa0b18]
Event: 319.989 Thread 0x00000213bdde8920 6091       1       org.apache.coyote.AsyncStateMachine$AsyncState::isAsync (5 bytes)
Event: 319.990 Thread 0x00000213bdde8920 nmethod 6091 0x00000213b285db90 code [0x00000213b285dd20, 0x00000213b285ddf8]
Event: 319.990 Thread 0x00000213bdde8920 6092       3       java.nio.HeapByteBuffer::get (15 bytes)
Event: 319.990 Thread 0x00000213bdde8920 nmethod 6092 0x00000213aaaa0310 code [0x00000213aaaa04c0, 0x00000213aaaa06b8]
Event: 319.993 Thread 0x00000213bdde8920 6093       3       java.nio.charset.CharsetDecoder::onMalformedInput (26 bytes)
Event: 319.994 Thread 0x00000213bdde8920 nmethod 6093 0x00000213aaa9fd10 code [0x00000213aaa9fec0, 0x00000213aaaa0208]
Event: 319.994 Thread 0x00000213bdde8920 6095       3       org.apache.catalina.connector.RequestFacade::setAttribute (14 bytes)
Event: 319.995 Thread 0x00000213bdde8920 nmethod 6095 0x00000213aaa9f690 code [0x00000213aaa9f860, 0x00000213aaa9fb88]
Event: 319.995 Thread 0x00000213bdde8920 6096   !   3       java.util.concurrent.locks.AbstractQueuedSynchronizer$ConditionObject::await (183 bytes)
Event: 319.999 Thread 0x00000213bdde8920 nmethod 6096 0x00000213aaa9d590 code [0x00000213aaa9d8e0, 0x00000213aaa9ee18]
Event: 319.999 Thread 0x00000213bdde8920 6094       3       java.nio.charset.CharsetDecoder::implOnMalformedInput (1 bytes)
Event: 320.000 Thread 0x00000213bdde8920 nmethod 6094 0x00000213aaa9d210 code [0x00000213aaa9d3a0, 0x00000213aaa9d4b8]
Event: 320.504 Thread 0x00000213bdde8920 6097       3       java.util.concurrent.ScheduledThreadPoolExecutor$DelayedWorkQueue::finishPoll (43 bytes)
Event: 320.506 Thread 0x00000213bdde8920 nmethod 6097 0x00000213aaa9c890 code [0x00000213aaa9ca60, 0x00000213aaa9d068]
Event: 321.864 Thread 0x00000213bddb3010 6098       4       org.springframework.boot.devtools.filewatch.DirectorySnapshot::collectFiles (99 bytes)

GC Heap History (20 events):
Event: 13.983 GC heap before
{Heap before GC invocations=10 (full 0):
 garbage-first heap   total 55296K, used 26475K [0x00000000ca200000, 0x0000000100000000)
  region size 1024K, 10 young (10240K), 2 survivors (2048K)
 Metaspace       used 35544K, committed 35968K, reserved 1114112K
  class space    used 4746K, committed 4928K, reserved 1048576K
}
Event: 13.987 GC heap after
{Heap after GC invocations=11 (full 0):
 garbage-first heap   total 55296K, used 19605K [0x00000000ca200000, 0x0000000100000000)
  region size 1024K, 2 young (2048K), 2 survivors (2048K)
 Metaspace       used 35544K, committed 35968K, reserved 1114112K
  class space    used 4746K, committed 4928K, reserved 1048576K
}
Event: 15.694 GC heap before
{Heap before GC invocations=12 (full 0):
 garbage-first heap   total 55296K, used 40085K [0x00000000ca200000, 0x0000000100000000)
  region size 1024K, 23 young (23552K), 2 survivors (2048K)
 Metaspace       used 41714K, committed 42176K, reserved 1114112K
  class space    used 5529K, committed 5696K, reserved 1048576K
}
Event: 15.699 GC heap after
{Heap after GC invocations=13 (full 0):
 garbage-first heap   total 55296K, used 21814K [0x00000000ca200000, 0x0000000100000000)
  region size 1024K, 3 young (3072K), 3 survivors (3072K)
 Metaspace       used 41714K, committed 42176K, reserved 1114112K
  class space    used 5529K, committed 5696K, reserved 1048576K
}
Event: 16.823 GC heap before
{Heap before GC invocations=13 (full 0):
 garbage-first heap   total 55296K, used 42294K [0x00000000ca200000, 0x0000000100000000)
  region size 1024K, 23 young (23552K), 3 survivors (3072K)
 Metaspace       used 47433K, committed 47808K, reserved 1114112K
  class space    used 6359K, committed 6528K, reserved 1048576K
}
Event: 16.828 GC heap after
{Heap after GC invocations=14 (full 0):
 garbage-first heap   total 55296K, used 22914K [0x00000000ca200000, 0x0000000100000000)
  region size 1024K, 2 young (2048K), 2 survivors (2048K)
 Metaspace       used 47433K, committed 47808K, reserved 1114112K
  class space    used 6359K, committed 6528K, reserved 1048576K
}
Event: 18.765 GC heap before
{Heap before GC invocations=14 (full 0):
 garbage-first heap   total 55296K, used 42370K [0x00000000ca200000, 0x0000000100000000)
  region size 1024K, 21 young (21504K), 2 survivors (2048K)
 Metaspace       used 52527K, committed 53056K, reserved 1114112K
  class space    used 7148K, committed 7424K, reserved 1048576K
}
Event: 18.768 GC heap after
{Heap after GC invocations=15 (full 0):
 garbage-first heap   total 55296K, used 23656K [0x00000000ca200000, 0x0000000100000000)
  region size 1024K, 2 young (2048K), 2 survivors (2048K)
 Metaspace       used 52527K, committed 53056K, reserved 1114112K
  class space    used 7148K, committed 7424K, reserved 1048576K
}
Event: 21.305 GC heap before
{Heap before GC invocations=15 (full 0):
 garbage-first heap   total 55296K, used 43112K [0x00000000ca200000, 0x0000000100000000)
  region size 1024K, 21 young (21504K), 2 survivors (2048K)
 Metaspace       used 56957K, committed 57472K, reserved 1114112K
  class space    used 7689K, committed 7936K, reserved 1048576K
}
Event: 21.311 GC heap after
{Heap after GC invocations=16 (full 0):
 garbage-first heap   total 55296K, used 25216K [0x00000000ca200000, 0x0000000100000000)
  region size 1024K, 3 young (3072K), 3 survivors (3072K)
 Metaspace       used 56957K, committed 57472K, reserved 1114112K
  class space    used 7689K, committed 7936K, reserved 1048576K
}
Event: 24.426 GC heap before
{Heap before GC invocations=16 (full 0):
 garbage-first heap   total 55296K, used 43648K [0x00000000ca200000, 0x0000000100000000)
  region size 1024K, 21 young (21504K), 3 survivors (3072K)
 Metaspace       used 59172K, committed 59648K, reserved 1114112K
  class space    used 8017K, committed 8256K, reserved 1048576K
}
Event: 24.437 GC heap after
{Heap after GC invocations=17 (full 0):
 garbage-first heap   total 55296K, used 27203K [0x00000000ca200000, 0x0000000100000000)
  region size 1024K, 3 young (3072K), 3 survivors (3072K)
 Metaspace       used 59172K, committed 59648K, reserved 1114112K
  class space    used 8017K, committed 8256K, reserved 1048576K
}
Event: 25.140 GC heap before
{Heap before GC invocations=17 (full 0):
 garbage-first heap   total 55296K, used 31299K [0x00000000ca200000, 0x0000000100000000)
  region size 1024K, 8 young (8192K), 3 survivors (3072K)
 Metaspace       used 59615K, committed 60160K, reserved 1114112K
  class space    used 8087K, committed 8320K, reserved 1048576K
}
Event: 25.145 GC heap after
{Heap after GC invocations=18 (full 0):
 garbage-first heap   total 55296K, used 27946K [0x00000000ca200000, 0x0000000100000000)
  region size 1024K, 1 young (1024K), 1 survivors (1024K)
 Metaspace       used 59615K, committed 60160K, reserved 1114112K
  class space    used 8087K, committed 8320K, reserved 1048576K
}
Event: 26.798 GC heap before
{Heap before GC invocations=19 (full 0):
 garbage-first heap   total 55296K, used 42282K [0x00000000ca200000, 0x0000000100000000)
  region size 1024K, 16 young (16384K), 1 survivors (1024K)
 Metaspace       used 61407K, committed 61952K, reserved 1114112K
  class space    used 8425K, committed 8704K, reserved 1048576K
}
Event: 26.802 GC heap after
{Heap after GC invocations=20 (full 0):
 garbage-first heap   total 55296K, used 29200K [0x00000000ca200000, 0x0000000100000000)
  region size 1024K, 2 young (2048K), 2 survivors (2048K)
 Metaspace       used 61407K, committed 61952K, reserved 1114112K
  class space    used 8425K, committed 8704K, reserved 1048576K
}
Event: 131.289 GC heap before
{Heap before GC invocations=20 (full 0):
 garbage-first heap   total 55296K, used 43536K [0x00000000ca200000, 0x0000000100000000)
  region size 1024K, 16 young (16384K), 2 survivors (2048K)
 Metaspace       used 63563K, committed 64192K, reserved 1114112K
  class space    used 8705K, committed 8960K, reserved 1048576K
}
Event: 131.323 GC heap after
{Heap after GC invocations=21 (full 0):
 garbage-first heap   total 55296K, used 30076K [0x00000000ca200000, 0x0000000100000000)
  region size 1024K, 1 young (1024K), 1 survivors (1024K)
 Metaspace       used 63563K, committed 64192K, reserved 1114112K
  class space    used 8705K, committed 8960K, reserved 1048576K
}
Event: 136.589 GC heap before
{Heap before GC invocations=22 (full 0):
 garbage-first heap   total 55296K, used 43388K [0x00000000ca200000, 0x0000000100000000)
  region size 1024K, 15 young (15360K), 1 survivors (1024K)
 Metaspace       used 67653K, committed 68224K, reserved 1114112K
  class space    used 9259K, committed 9536K, reserved 1048576K
}
Event: 136.595 GC heap after
{Heap after GC invocations=23 (full 0):
 garbage-first heap   total 55296K, used 30526K [0x00000000ca200000, 0x0000000100000000)
  region size 1024K, 2 young (2048K), 2 survivors (2048K)
 Metaspace       used 67653K, committed 68224K, reserved 1114112K
  class space    used 9259K, committed 9536K, reserved 1048576K
}

Deoptimization events (20 events):
Event: 136.342 Thread 0x0000021385f54940 Uncommon trap: trap_request=0xffffff45 fr.pc=0x00000213b24d4404 relative=0x00000000000001e4
Event: 136.342 Thread 0x0000021385f54940 Uncommon trap: reason=unstable_if action=reinterpret pc=0x00000213b24d4404 method=java.util.HashMap.getNode(Ljava/lang/Object;)Ljava/util/HashMap$Node; @ 66 c2
Event: 136.342 Thread 0x0000021385f54940 DEOPT PACKING pc=0x00000213b24d4404 sp=0x00000014ba2fa9b0
Event: 136.342 Thread 0x0000021385f54940 DEOPT UNPACKING pc=0x00000213b1f623a3 sp=0x00000014ba2fa8c8 mode 2
Event: 136.600 Thread 0x0000021385f54940 Uncommon trap: trap_request=0xffffff45 fr.pc=0x00000213b25a0ee4 relative=0x0000000000000224
Event: 136.600 Thread 0x0000021385f54940 Uncommon trap: reason=unstable_if action=reinterpret pc=0x00000213b25a0ee4 method=java.util.HashMap.getNode(Ljava/lang/Object;)Ljava/util/HashMap$Node; @ 66 c2
Event: 136.600 Thread 0x0000021385f54940 DEOPT PACKING pc=0x00000213b25a0ee4 sp=0x00000014ba2fa6c0
Event: 136.600 Thread 0x0000021385f54940 DEOPT UNPACKING pc=0x00000213b1f623a3 sp=0x00000014ba2fa5e0 mode 2
Event: 136.600 Thread 0x0000021385f54940 Uncommon trap: trap_request=0xffffff45 fr.pc=0x00000213b25fbf18 relative=0x0000000000000178
Event: 136.600 Thread 0x0000021385f54940 Uncommon trap: reason=unstable_if action=reinterpret pc=0x00000213b25fbf18 method=java.util.HashMap.getNode(Ljava/lang/Object;)Ljava/util/HashMap$Node; @ 131 c2
Event: 136.600 Thread 0x0000021385f54940 DEOPT PACKING pc=0x00000213b25fbf18 sp=0x00000014ba2fa650
Event: 136.600 Thread 0x0000021385f54940 DEOPT UNPACKING pc=0x00000213b1f623a3 sp=0x00000014ba2fa5e0 mode 2
Event: 263.084 Thread 0x0000021385f55870 Uncommon trap: trap_request=0xffffff45 fr.pc=0x00000213b25ad444 relative=0x0000000000000044
Event: 263.086 Thread 0x0000021385f55870 Uncommon trap: reason=unstable_if action=reinterpret pc=0x00000213b25ad444 method=sun.net.util.IPAddressUtil.scan(Ljava/lang/String;JJ[C)I @ 14 c2
Event: 263.087 Thread 0x0000021385f55870 DEOPT PACKING pc=0x00000213b25ad444 sp=0x00000014bacfbf00
Event: 263.087 Thread 0x0000021385f55870 DEOPT UNPACKING pc=0x00000213b1f623a3 sp=0x00000014bacfbde0 mode 2
Event: 319.797 Thread 0x0000021385f57be0 Uncommon trap: trap_request=0xffffffdc fr.pc=0x00000213b285d74c relative=0x000000000000022c
Event: 319.803 Thread 0x0000021385f57be0 Uncommon trap: reason=class_check action=make_not_entrant pc=0x00000213b285d74c method=java.util.ArrayList.toArray([Ljava/lang/Object;)[Ljava/lang/Object; @ 21 c2
Event: 319.803 Thread 0x0000021385f57be0 DEOPT PACKING pc=0x00000213b285d74c sp=0x00000014ba9fcb70
Event: 319.804 Thread 0x0000021385f57be0 DEOPT UNPACKING pc=0x00000213b1f623a3 sp=0x00000014ba9fcb30 mode 2

Classes unloaded (0 events):
No events

Classes redefined (0 events):
No events

Internal exceptions (20 events):
Event: 19.729 Thread 0x00000213ff903ed0 Exception <a 'java/lang/NoSuchMethodError'{0x00000000ccfaa300}: 'java.lang.Object java.lang.invoke.DirectMethodHandle$Holder.invokeSpecial(java.lang.Object, java.lang.Object, int, java.lang.Object, int)'> (0x00000000ccfaa300) 
thrown [s\open\src\hotspot\share\interpreter\linkResolver.cpp, line 759]
Event: 20.246 Thread 0x00000213ff903ed0 Exception <a 'java/lang/IncompatibleClassChangeError'{0x00000000cca4c040}: Found class java.lang.Object, but interface was expected> (0x00000000cca4c040) 
thrown [s\open\src\hotspot\share\interpreter\linkResolver.cpp, line 826]
Event: 20.362 Thread 0x00000213ff903ed0 Exception <a 'java/lang/IncompatibleClassChangeError'{0x00000000ccad8638}: Found class java.lang.Object, but interface was expected> (0x00000000ccad8638) 
thrown [s\open\src\hotspot\share\interpreter\linkResolver.cpp, line 826]
Event: 20.613 Thread 0x00000213ff903ed0 Exception <a 'java/lang/IncompatibleClassChangeError'{0x00000000cc862e30}: Found class java.lang.Object, but interface was expected> (0x00000000cc862e30) 
thrown [s\open\src\hotspot\share\interpreter\linkResolver.cpp, line 826]
Event: 21.749 Thread 0x00000213ff903ed0 Exception <a 'java/lang/IncompatibleClassChangeError'{0x00000000cd45a270}: Found class java.lang.Object, but interface was expected> (0x00000000cd45a270) 
thrown [s\open\src\hotspot\share\interpreter\linkResolver.cpp, line 826]
Event: 23.989 Thread 0x00000213ff903ed0 Exception <a 'sun/nio/fs/WindowsException'{0x00000000cc8cf410}> (0x00000000cc8cf410) 
thrown [s\open\src\hotspot\share\prims\jni.cpp, line 516]
Event: 24.820 Thread 0x00000213ff903ed0 Exception <a 'java/lang/IncompatibleClassChangeError'{0x00000000cd6a4780}: Found class java.lang.Object, but interface was expected> (0x00000000cd6a4780) 
thrown [s\open\src\hotspot\share\interpreter\linkResolver.cpp, line 826]
Event: 25.087 Thread 0x00000213ff903ed0 Exception <a 'java/lang/NoSuchMethodError'{0x00000000cd46ace0}: 'void java.lang.invoke.DirectMethodHandle$Holder.invokeVirtual(java.lang.Object, java.lang.Object, long)'> (0x00000000cd46ace0) 
thrown [s\open\src\hotspot\share\interpreter\linkResolver.cpp, line 759]
Event: 25.401 Thread 0x00000213ff903ed0 Exception <a 'java/lang/NoSuchMethodError'{0x00000000cd531110}: 'int java.lang.invoke.DirectMethodHandle$Holder.invokeStaticInit(java.lang.Object, java.lang.Object, java.lang.Object, java.lang.Object)'> (0x00000000cd531110) 
thrown [s\open\src\hotspot\share\interpreter\linkResolver.cpp, line 759]
Event: 25.476 Thread 0x00000213ff903ed0 Exception <a 'java/lang/IncompatibleClassChangeError'{0x00000000cd5fad80}: Found class java.lang.Object, but interface was expected> (0x00000000cd5fad80) 
thrown [s\open\src\hotspot\share\interpreter\linkResolver.cpp, line 826]
Event: 25.530 Thread 0x00000213ff903ed0 Implicit null exception at 0x00000213b25e9eda to 0x00000213b25ea10c
Event: 25.923 Thread 0x00000213ff903ed0 Exception <a 'sun/nio/fs/WindowsException'{0x00000000cce13e00}> (0x00000000cce13e00) 
thrown [s\open\src\hotspot\share\prims\jni.cpp, line 516]
Event: 27.403 Thread 0x00000213ff903ed0 Exception <a 'java/lang/NoSuchMethodError'{0x00000000cd5fa9b8}: 'java.lang.Object java.lang.invoke.DirectMethodHandle$Holder.newInvokeSpecial(java.lang.Object, java.lang.Object, int, java.lang.Object, java.lang.Object)'> (0x00000000cd5fa9b8) 
thrown [s\open\src\hotspot\share\interpreter\linkResolver.cpp, line 759]
Event: 129.783 Thread 0x0000021385f59020 Exception <a 'java/lang/NoSuchMethodError'{0x00000000ccd48ac8}: 'java.lang.Object java.lang.invoke.DirectMethodHandle$Holder.invokeSpecial(java.lang.Object, java.lang.Object, java.lang.Object, java.lang.Object, java.lang.Object, long)'> (0x00000000ccd48ac8) 
thrown [s\open\src\hotspot\share\interpreter\linkResolver.cpp, line 759]
Event: 129.784 Thread 0x0000021385f59020 Exception <a 'java/lang/NoSuchMethodError'{0x00000000ccd4c750}: 'java.lang.Object java.lang.invoke.Invokers$Holder.linkToTargetMethod(java.lang.Object, java.lang.Object, java.lang.Object, long, java.lang.Object)'> (0x00000000ccd4c750) 
thrown [s\open\src\hotspot\share\interpreter\linkResolver.cpp, line 759]
Event: 131.442 Thread 0x0000021385f53a10 Exception <a 'java/lang/NoSuchMethodError'{0x00000000cd75f388}: 'java.lang.Object java.lang.invoke.DirectMethodHandle$Holder.invokeStatic(java.lang.Object, int, int)'> (0x00000000cd75f388) 
thrown [s\open\src\hotspot\share\interpreter\linkResolver.cpp, line 759]
Event: 135.656 Thread 0x0000021385f54940 Exception <a 'java/lang/NoSuchMethodError'{0x00000000cd1bfec8}: 'java.lang.Object java.lang.invoke.DirectMethodHandle$Holder.invokeInterface(java.lang.Object, java.lang.Object, java.lang.Object, java.lang.Object)'> (0x00000000cd1bfec8) 
thrown [s\open\src\hotspot\share\interpreter\linkResolver.cpp, line 759]
Event: 135.692 Thread 0x0000021385f54940 Exception <a 'java/lang/IncompatibleClassChangeError'{0x00000000cd043938}: Found class java.lang.Object, but interface was expected> (0x00000000cd043938) 
thrown [s\open\src\hotspot\share\interpreter\linkResolver.cpp, line 826]
Event: 136.026 Thread 0x0000021385f54940 Exception <a 'java/lang/IncompatibleClassChangeError'{0x00000000ccc1e498}: Found class java.lang.Object, but interface was expected> (0x00000000ccc1e498) 
thrown [s\open\src\hotspot\share\interpreter\linkResolver.cpp, line 826]
Event: 136.070 Thread 0x0000021385f54940 Exception <a 'java/lang/NoSuchMethodError'{0x00000000ccc6c968}: 'void java.lang.invoke.DirectMethodHandle$Holder.invokeSpecialIFC(java.lang.Object, java.lang.Object, int, java.lang.Object, java.lang.Object, java.lang.Object, java.lang.Object)'> (0x00000000ccc6c968) 
thrown [s\open\src\hotspot\share\interpreter\linkResolver.cpp, line 759]

VM Operations (20 events):
Event: 263.004 Executing VM operation: Cleanup
Event: 263.019 Executing VM operation: Cleanup done
Event: 264.023 Executing VM operation: Cleanup
Event: 264.023 Executing VM operation: Cleanup done
Event: 265.028 Executing VM operation: Cleanup
Event: 265.028 Executing VM operation: Cleanup done
Event: 278.106 Executing VM operation: Cleanup
Event: 278.107 Executing VM operation: Cleanup done
Event: 294.209 Executing VM operation: Cleanup
Event: 294.209 Executing VM operation: Cleanup done
Event: 294.855 Executing VM operation: HandshakeAllThreads
Event: 294.856 Executing VM operation: HandshakeAllThreads done
Event: 295.868 Executing VM operation: Cleanup
Event: 295.868 Executing VM operation: Cleanup done
Event: 300.722 Executing VM operation: HandshakeAllThreads
Event: 300.723 Executing VM operation: HandshakeAllThreads done
Event: 315.865 Executing VM operation: Cleanup
Event: 315.865 Executing VM operation: Cleanup done
Event: 319.894 Executing VM operation: Cleanup
Event: 320.010 Executing VM operation: Cleanup done

Events (20 events):
Event: 136.405 loading class java/util/OptionalDouble
Event: 136.407 loading class java/util/OptionalDouble done
Event: 136.517 loading class java/util/stream/LongStream
Event: 136.518 loading class java/util/stream/LongStream done
Event: 136.519 loading class java/util/stream/DoubleStream
Event: 136.519 loading class java/util/stream/DoubleStream done
Event: 136.567 loading class org/w3c/dom/Node
Event: 136.568 loading class org/w3c/dom/Node done
Event: 136.568 loading class org/w3c/dom/Document
Event: 136.568 loading class org/w3c/dom/Document done
Event: 262.967 loading class java/util/stream/ReferencePipeline$4
Event: 262.977 loading class java/util/stream/ReferencePipeline$4 done
Event: 262.986 loading class java/util/function/IntBinaryOperator
Event: 262.987 loading class java/util/function/IntBinaryOperator done
Event: 262.992 loading class java/util/stream/ReduceOps$7
Event: 262.995 loading class java/util/stream/ReduceOps$7 done
Event: 262.995 loading class java/util/stream/ReduceOps$6ReducingSink
Event: 262.997 loading class java/util/stream/ReduceOps$6ReducingSink done
Event: 262.997 loading class java/util/stream/ReferencePipeline$4$1
Event: 262.998 loading class java/util/stream/ReferencePipeline$4$1 done


Dynamic libraries:
0x00007ff79cad0000 - 0x00007ff79cae0000 	C:\Program Files\Java\jdk-17\bin\java.exe
0x00007ffbd28f0000 - 0x00007ffbd2b07000 	C:\WINDOWS\SYSTEM32\ntdll.dll
0x00007ffbd1190000 - 0x00007ffbd1254000 	C:\WINDOWS\System32\KERNEL32.DLL
0x00007ffbd0090000 - 0x00007ffbd0447000 	C:\WINDOWS\System32\KERNELBASE.dll
0x00007ffbd0480000 - 0x00007ffbd0591000 	C:\WINDOWS\System32\ucrtbase.dll
0x00007ffbac890000 - 0x00007ffbac8a9000 	C:\Program Files\Java\jdk-17\bin\jli.dll
0x00007ffbd20d0000 - 0x00007ffbd2182000 	C:\WINDOWS\System32\ADVAPI32.dll
0x00007ffbd1fa0000 - 0x00007ffbd2047000 	C:\WINDOWS\System32\msvcrt.dll
0x00007ffbd12e0000 - 0x00007ffbd1388000 	C:\WINDOWS\System32\sechost.dll
0x00007ffbcfca0000 - 0x00007ffbcfcc8000 	C:\WINDOWS\System32\bcrypt.dll
0x00007ffbd13c0000 - 0x00007ffbd14d4000 	C:\WINDOWS\System32\RPCRT4.dll
0x00007ffbd0f80000 - 0x00007ffbd112f000 	C:\WINDOWS\System32\USER32.dll
0x00007ffbd0450000 - 0x00007ffbd0476000 	C:\WINDOWS\System32\win32u.dll
0x00007ffbd2050000 - 0x00007ffbd2079000 	C:\WINDOWS\System32\GDI32.dll
0x00007ffbcfeb0000 - 0x00007ffbcffc8000 	C:\WINDOWS\System32\gdi32full.dll
0x00007ffbcfc00000 - 0x00007ffbcfc9a000 	C:\WINDOWS\System32\msvcp_win.dll
0x00007ffba6ba0000 - 0x00007ffba6bbb000 	C:\Program Files\Java\jdk-17\bin\VCRUNTIME140.dll
0x00007ffbbb330000 - 0x00007ffbbb5c3000 	C:\WINDOWS\WinSxS\amd64_microsoft.windows.common-controls_6595b64144ccf1df_6.0.22621.3672_none_2713b9d173822955\COMCTL32.dll
0x00007ffbc6e70000 - 0x00007ffbc6e7a000 	C:\WINDOWS\SYSTEM32\VERSION.dll
0x00007ffbd2080000 - 0x00007ffbd20b1000 	C:\WINDOWS\System32\IMM32.DLL
0x00007ffbc2350000 - 0x00007ffbc235c000 	C:\Program Files\Java\jdk-17\bin\vcruntime140_1.dll
0x00007ffb955f0000 - 0x00007ffb9567e000 	C:\Program Files\Java\jdk-17\bin\msvcp140.dll
0x00007ffb8b320000 - 0x00007ffb8bf00000 	C:\Program Files\Java\jdk-17\bin\server\jvm.dll
0x00007ffbd20c0000 - 0x00007ffbd20c8000 	C:\WINDOWS\System32\PSAPI.DLL
0x00007ffbafdb0000 - 0x00007ffbafdb9000 	C:\WINDOWS\SYSTEM32\WSOCK32.dll
0x00007ffbd23b0000 - 0x00007ffbd2421000 	C:\WINDOWS\System32\WS2_32.dll
0x00007ffbc9ac0000 - 0x00007ffbc9af4000 	C:\WINDOWS\SYSTEM32\WINMM.dll
0x00007ffbcec50000 - 0x00007ffbcec68000 	C:\WINDOWS\SYSTEM32\kernel.appcore.dll
0x00007ffbbb760000 - 0x00007ffbbb76a000 	C:\Program Files\Java\jdk-17\bin\jimage.dll
0x00007ffbc3be0000 - 0x00007ffbc3e12000 	C:\WINDOWS\SYSTEM32\DBGHELP.DLL
0x00007ffbd0ae0000 - 0x00007ffbd0e6e000 	C:\WINDOWS\System32\combase.dll
0x00007ffbd0750000 - 0x00007ffbd0827000 	C:\WINDOWS\System32\OLEAUT32.dll
0x00007ffbb35c0000 - 0x00007ffbb35f2000 	C:\WINDOWS\SYSTEM32\dbgcore.DLL
0x00007ffbd05a0000 - 0x00007ffbd061b000 	C:\WINDOWS\System32\bcryptPrimitives.dll
0x00007ffba1450000 - 0x00007ffba1475000 	C:\Program Files\Java\jdk-17\bin\java.dll
0x00007ffb922f0000 - 0x00007ffb923c7000 	C:\Program Files\Java\jdk-17\bin\jsvml.dll
0x00007ffbd14e0000 - 0x00007ffbd1d49000 	C:\WINDOWS\System32\SHELL32.dll
0x00007ffbcdb30000 - 0x00007ffbce42f000 	C:\WINDOWS\SYSTEM32\windows.storage.dll
0x00007ffbcd9f0000 - 0x00007ffbcdb2f000 	C:\WINDOWS\SYSTEM32\wintypes.dll
0x00007ffbd09e0000 - 0x00007ffbd0ad9000 	C:\WINDOWS\System32\SHCORE.dll
0x00007ffbd2350000 - 0x00007ffbd23ae000 	C:\WINDOWS\System32\shlwapi.dll
0x00007ffbcfb30000 - 0x00007ffbcfb57000 	C:\WINDOWS\SYSTEM32\profapi.dll
0x00007ffba3440000 - 0x00007ffba3459000 	C:\Program Files\Java\jdk-17\bin\net.dll
0x00007ffbcc330000 - 0x00007ffbcc466000 	C:\WINDOWS\SYSTEM32\WINHTTP.dll
0x00007ffbcf0c0000 - 0x00007ffbcf129000 	C:\WINDOWS\system32\mswsock.dll
0x00007ffba1430000 - 0x00007ffba1446000 	C:\Program Files\Java\jdk-17\bin\nio.dll
0x00007ffba1410000 - 0x00007ffba1428000 	C:\Program Files\Java\jdk-17\bin\zip.dll
0x00007ffbbb170000 - 0x00007ffbbb17a000 	C:\Program Files\Java\jdk-17\bin\management.dll
0x00007ffbb9b20000 - 0x00007ffbb9b2b000 	C:\Program Files\Java\jdk-17\bin\management_ext.dll
0x00007ffbb8760000 - 0x00007ffbb876e000 	C:\Program Files\Java\jdk-17\bin\sunmscapi.dll
0x00007ffbcfd40000 - 0x00007ffbcfea6000 	C:\WINDOWS\System32\CRYPT32.dll
0x00007ffbcf540000 - 0x00007ffbcf56d000 	C:\WINDOWS\SYSTEM32\ncrypt.dll
0x00007ffbcf500000 - 0x00007ffbcf537000 	C:\WINDOWS\SYSTEM32\NTASN1.dll
0x00007ffbcf310000 - 0x00007ffbcf32b000 	C:\WINDOWS\SYSTEM32\CRYPTSP.dll
0x00007ffbcebb0000 - 0x00007ffbcebe5000 	C:\WINDOWS\system32\rsaenh.dll
0x00007ffbcf1b0000 - 0x00007ffbcf1d8000 	C:\WINDOWS\SYSTEM32\USERENV.dll
0x00007ffbcf330000 - 0x00007ffbcf33c000 	C:\WINDOWS\SYSTEM32\CRYPTBASE.dll
0x00007ffbce690000 - 0x00007ffbce6bd000 	C:\WINDOWS\SYSTEM32\IPHLPAPI.DLL
0x00007ffbd0640000 - 0x00007ffbd0649000 	C:\WINDOWS\System32\NSI.dll
0x00007ffbc99a0000 - 0x00007ffbc99b9000 	C:\WINDOWS\SYSTEM32\dhcpcsvc6.DLL
0x00007ffbc9820000 - 0x00007ffbc983f000 	C:\WINDOWS\SYSTEM32\dhcpcsvc.DLL
0x00007ffbce700000 - 0x00007ffbce802000 	C:\WINDOWS\SYSTEM32\DNSAPI.dll
0x00007ffbb91e0000 - 0x00007ffbb91f0000 	C:\Program Files\Java\jdk-17\bin\verify.dll
0x00007ffbc3110000 - 0x00007ffbc3118000 	C:\WINDOWS\system32\wshunix.dll

dbghelp: loaded successfully - version: 4.0.5 - missing functions: none
symbol engine: initialized successfully - sym options: 0x614 - pdb path: .;C:\Program Files\Java\jdk-17\bin;C:\WINDOWS\SYSTEM32;C:\WINDOWS\WinSxS\amd64_microsoft.windows.common-controls_6595b64144ccf1df_6.0.22621.3672_none_2713b9d173822955;C:\Program Files\Java\jdk-17\bin\server

VM Arguments:
jvm_args: -XX:+ShowCodeDetailsInExceptionMessages 
java_command: com.sistemaventas.sistema.venta.SistemaVentaApplication
java_class_path (initial): C:\Users\Usser\Desktop\proyecto\sistema-venta\target\classes;C:\Users\Usser\.m2\repository\org\springframework\boot\spring-boot-starter-data-jpa\3.3.5\spring-boot-starter-data-jpa-3.3.5.jar;C:\Users\Usser\.m2\repository\org\springframework\boot\spring-boot-starter-aop\3.3.5\spring-boot-starter-aop-3.3.5.jar;C:\Users\Usser\.m2\repository\org\aspectj\aspectjweaver\1.9.22.1\aspectjweaver-1.9.22.1.jar;C:\Users\Usser\.m2\repository\org\springframework\boot\spring-boot-starter-jdbc\3.3.5\spring-boot-starter-jdbc-3.3.5.jar;C:\Users\Usser\.m2\repository\com\zaxxer\HikariCP\5.1.0\HikariCP-5.1.0.jar;C:\Users\Usser\.m2\repository\org\springframework\spring-jdbc\6.1.14\spring-jdbc-6.1.14.jar;C:\Users\Usser\.m2\repository\org\hibernate\orm\hibernate-core\6.5.3.Final\hibernate-core-6.5.3.Final.jar;C:\Users\Usser\.m2\repository\jakarta\persistence\jakarta.persistence-api\3.1.0\jakarta.persistence-api-3.1.0.jar;C:\Users\Usser\.m2\repository\jakarta\transaction\jakarta.transaction-api\2.0.1\jakarta.transaction-api-2.0.1.jar;C:\Users\Usser\.m2\repository\org\jboss\logging\jboss-logging\3.5.3.Final\jboss-logging-3.5.3.Final.jar;C:\Users\Usser\.m2\repository\org\hibernate\common\hibernate-commons-annotations\6.0.6.Final\hibernate-commons-annotations-6.0.6.Final.jar;C:\Users\Usser\.m2\repository\io\smallrye\jandex\3.1.2\jandex-3.1.2.jar;C:\Users\Usser\.m2\repository\com\fasterxml\classmate\1.7.0\classmate-1.7.0.jar;C:\Users\Usser\.m2\repository\net\bytebuddy\byte-buddy\1.14.19\byte-buddy-1.14.19.jar;C:\Users\Usser\.m2\repository\org\glassfish\jaxb\jaxb-runtime\4.0.5\jaxb-runtime-4.0.5.jar;C:\Users\Usser\.m2\repository\org\glassfish\jaxb\jaxb-core\4.0.5\jaxb-core-4.0.5.jar;C:\Users\Usser\.m2\repository\org\eclipse\angus\angus-activation\2.0.2\angus-activation-2.0.2.jar;C:\Users\Usser\.m2\repository\org\glassfish\jaxb\txw2\4.0.5\txw2-4.0.5.jar;C:\Users\Usser\.m2\repository\com\sun\istack\istack-commons-runtime\4.1.2\istack-commons-runtime-4.1.2.jar;C:\Users\Us
Launcher Type: SUN_STANDARD

[Global flags]
     intx CICompilerCount                          = 3                                         {product} {ergonomic}
     uint ConcGCThreads                            = 1                                         {product} {ergonomic}
     uint G1ConcRefinementThreads                  = 4                                         {product} {ergonomic}
   size_t G1HeapRegionSize                         = 1048576                                   {product} {ergonomic}
    uintx GCDrainStackTargetSize                   = 64                                        {product} {ergonomic}
   size_t InitialHeapSize                          = 56623104                                  {product} {ergonomic}
   size_t MarkStackSize                            = 4194304                                   {product} {ergonomic}
   size_t MaxHeapSize                              = 903872512                                 {product} {ergonomic}
   size_t MaxNewSize                               = 542113792                                 {product} {ergonomic}
   size_t MinHeapDeltaBytes                        = 1048576                                   {product} {ergonomic}
   size_t MinHeapSize                              = 8388608                                   {product} {ergonomic}
    uintx NonNMethodCodeHeapSize                   = 5832780                                {pd product} {ergonomic}
    uintx NonProfiledCodeHeapSize                  = 122912730                              {pd product} {ergonomic}
    uintx ProfiledCodeHeapSize                     = 122912730                              {pd product} {ergonomic}
    uintx ReservedCodeCacheSize                    = 251658240                              {pd product} {ergonomic}
     bool SegmentedCodeCache                       = true                                      {product} {ergonomic}
     bool ShowCodeDetailsInExceptionMessages       = true                                   {manageable} {command line}
   size_t SoftMaxHeapSize                          = 903872512                              {manageable} {ergonomic}
     bool UseCompressedClassPointers               = true                           {product lp64_product} {ergonomic}
     bool UseCompressedOops                        = true                           {product lp64_product} {ergonomic}
     bool UseG1GC                                  = true                                      {product} {ergonomic}
     bool UseLargePagesIndividualAllocation        = false                                  {pd product} {ergonomic}

Logging:
Log output configuration:
 #0: stdout all=warning uptime,level,tags
 #1: stderr all=off uptime,level,tags

Environment Variables:
JAVA_HOME=C:\Program Files\Java\jdk-17
PATH=C:\Ruby32\bin;C:\Ruby33-x64\bin;C:\Program Files\Java\jdk-17\bin;C:\Program Files\Microsoft\jdk-11.0.16.101-hotspot\bin;C:\Program Files\Common Files\Oracle\Java\javapath;C:\Program Files (x86)\Common Files\Oracle\Java\javapath;C:\WINDOWS\system32;C:\WINDOWS;C:\WINDOWS\System32\Wbem;C:\WINDOWS\System32\WindowsPowerShell\v1.0\;C:\WINDOWS\System32\OpenSSH\;C:\ProgramData\chocolatey\bin;C:\Program Files\Git\cmd;C:\Program Files\nodejs\;C:\Users\Usser\Desktop\maven\bin;C:\Program Files\Java\jdk-17\bin;C:\Users\Usser\Desktop\maven\bin;C:\Program Files\Java\jdk-17\bin;C:\Program Files\PuTTY\;C:\wamp64\bin\php\php7.4.33;C:\ProgramData\ComposerSetup\bin;C:\Program Files (x86)\Microsoft SQL Server\160\Tools\Binn\;C:\Program Files\Microsoft SQL Server\160\Tools\Binn\;C:\Program Files\Microsoft SQL Server\Client SDK\ODBC\170\Tools\Binn\;C:\Program Files\Microsoft SQL Server\160\DTS\Binn\;C:\Program Files (x86)\Microsoft SQL Server\160\DTS\Binn\;C:\Ruby33-x64\bin;C:\Users\Usser\AppData\Local\Programs\Python\Python310\Scripts\;C:\Users\Usser\AppData\Local\Programs\Python\Python310\;C:\Users\Usser\AppData\Local\Microsoft\WindowsApps;C:\Users\Usser\AppData\Local\Programs\Microsoft VS Code\bin;C:\Users\Usser\AppData\Roaming\npm;C:\maven\bin;C:\Users\Usser\AppData\Roaming\Composer\vendor\bin;C:\Program Files\JetBrains\IntelliJ IDEA Community Edition 2024.1.1\bin;;C:\Users\Usser\flutter\bin;C:\Program Files\Java\jdk-17\bin;C:\Program Files\PostgreSQL\17\bin;
USERNAME=Usser
LANG=en_US.UTF-8
OS=Windows_NT
PROCESSOR_IDENTIFIER=AMD64 Family 23 Model 96 Stepping 1, AuthenticAMD



---------------  S Y S T E M  ---------------

OS:
 Windows 11 , 64 bit Build 22621 (10.0.22621.3958)
OS uptime: 0 days 12:43 hours
Hyper-V role detected

CPU: total 4 (initial active 4) (4 cores per cpu, 1 threads per core) family 23 model 96 stepping 1 microcode 0x0, cx8, cmov, fxsr, mmx, 3dnowpref, sse, sse2, sse3, ssse3, sse4a, sse4.1, sse4.2, popcnt, lzcnt, tsc, tscinvbit, avx, avx2, aes, clmul, bmi1, bmi2, adx, sha, fma, vzeroupper, clflush, clflushopt, hv

Memory: 4k page, system-wide physical 3445M (135M free)
TotalPageFile size 14197M (AvailPageFile size 82M)
current process WorkingSet (physical memory assigned to process): 66M, peak: 214M
current process commit charge ("private bytes"): 255M, peak: 260M

vm_info: Java HotSpot(TM) 64-Bit Server VM (17.0.12+8-LTS-286) for windows-amd64 JRE (17.0.12+8-LTS-286), built on Jun  5 2024 06:46:59 by "mach5one" with MS VC++ 17.6 (VS2022)

END.
